<?xml version="1.0" encoding="UTF-8"?>
<!-- Generated by org.testng.reporters.JUnitXMLReporter -->
<testsuite hostname="DESKTOP-PRFL5GG" name="Smoke Test(failed)" tests="3" failures="0" timestamp="14 Jan 2020 07:11:50 GMT" time="11.212" errors="0">
  <testcase name="verifytoLaunchEmployerPayees" time="2.318" classname="payrollsettings.tests.VerifyEmployerPayees"/>
  <testcase name="verifyEmployerpayeesImport" time="7.443" classname="payrollsettings.tests.VerifyEmployerPayees"/>
  <testcase name="VerifySigninpage" time="0.009" classname="signin.test.VerifySignInPage"/>
</testsuite> <!-- Smoke Test(failed) -->
