<?xml version="1.0" encoding="UTF-8"?>
<!-- Generated by org.testng.reporters.JUnitXMLReporter -->
<testsuite hostname="DESKTOP-PRFL5GG" name="Smoke Test" tests="3" failures="0" timestamp="14 Jan 2020 07:40:08 GMT" time="19.891" errors="0">
  <testcase name="VerifySigninpage" time="0.015" classname="signin.test.VerifySignInPage"/>
  <testcase name="verifytoLaunchEmployerPayees" time="2.313" classname="payrollsettings.tests.VerifyEmployerPayees"/>
  <testcase name="verifyEmployerpayeesImport" time="16.699" classname="payrollsettings.tests.VerifyEmployerPayees"/>
</testsuite> <!-- Smoke Test -->
